// 重构日志: c66841f0
// 重构日志: ee9756a4
// 重构日志: 005722d2
// 同步 ID: d1ff1ee0 @ Thu May 14 16:46:25 UTC 2026
// 同步 ID: 8a91fa02 @ Fri May 15 09:03:52 UTC 2026
// 重构日志: efa253b1
// 重构日志: b73853c1
// 同步 ID: 656bed59 @ Thu May 21 08:48:49 UTC 2026
// 同步 ID: 8187a694 @ Sat May 23 08:41:22 UTC 2026
// 重构日志: b4a603d4
// 同步 ID: 0402df2e @ Mon May 25 13:03:06 UTC 2026
// 同步 ID: eac0cbae @ Sat May 30 09:33:26 UTC 2026
// 同步 ID: bd8956a6 @ Tue Jun  2 00:48:44 UTC 2026
// 同步 ID: 34a14e57 @ Tue Jun  2 18:28:33 UTC 2026
// 重构日志: 3a2c030b
// 重构日志: 58300c83
// 重构日志: 847a57f8
// 重构日志: 3e408ab6
// 同步 ID: 25d90f76 @ Tue Jun  9 06:09:16 UTC 2026
// 同步 ID: 62b26d72 @ Wed Jun 10 10:05:36 UTC 2026
// 同步 ID: 891fc514 @ Wed Jun 10 12:51:40 UTC 2026
// 重构日志: 320b1e12
// 重构日志: feefc6cf
// 重构日志: e672073c
// 同步 ID: 8db11d12 @ Sat Jun 13 07:19:49 UTC 2026
// 重构日志: 14db6074
